06-May-2022 16:13:04.388 정보 [main] org.apache.catalina.core.ApplicationContext.log ContextListener: contextInitialized()
06-May-2022 16:13:04.388 정보 [main] org.apache.catalina.core.ApplicationContext.log SessionListener: contextInitialized()
06-May-2022 16:13:04.390 정보 [main] org.apache.catalina.core.ApplicationContext.log ContextListener: attributeAdded('StockTicker', 'async.Stockticker@74518890')
06-May-2022 16:16:13.161 정보 [main] org.apache.catalina.core.ApplicationContext.log SessionListener: contextDestroyed()
06-May-2022 16:16:13.161 정보 [main] org.apache.catalina.core.ApplicationContext.log ContextListener: contextDestroyed()
06-May-2022 16:16:16.375 정보 [main] org.apache.catalina.core.ApplicationContext.log ContextListener: contextInitialized()
06-May-2022 16:16:16.375 정보 [main] org.apache.catalina.core.ApplicationContext.log SessionListener: contextInitialized()
06-May-2022 16:16:16.376 정보 [main] org.apache.catalina.core.ApplicationContext.log ContextListener: attributeAdded('StockTicker', 'async.Stockticker@2c1dc8e')
06-May-2022 16:17:06.780 정보 [main] org.apache.catalina.core.ApplicationContext.log SessionListener: contextDestroyed()
06-May-2022 16:17:06.780 정보 [main] org.apache.catalina.core.ApplicationContext.log ContextListener: contextDestroyed()
06-May-2022 16:17:09.753 정보 [main] org.apache.catalina.core.ApplicationContext.log ContextListener: contextInitialized()
06-May-2022 16:17:09.754 정보 [main] org.apache.catalina.core.ApplicationContext.log SessionListener: contextInitialized()
06-May-2022 16:17:09.755 정보 [main] org.apache.catalina.core.ApplicationContext.log ContextListener: attributeAdded('StockTicker', 'async.Stockticker@3c49fab6')
06-May-2022 16:17:30.806 정보 [main] org.apache.catalina.core.ApplicationContext.log SessionListener: contextDestroyed()
06-May-2022 16:17:30.806 정보 [main] org.apache.catalina.core.ApplicationContext.log ContextListener: contextDestroyed()
06-May-2022 16:17:37.532 정보 [main] org.apache.catalina.core.ApplicationContext.log ContextListener: contextInitialized()
06-May-2022 16:17:37.532 정보 [main] org.apache.catalina.core.ApplicationContext.log SessionListener: contextInitialized()
06-May-2022 16:17:37.533 정보 [main] org.apache.catalina.core.ApplicationContext.log ContextListener: attributeAdded('StockTicker', 'async.Stockticker@62df0ff3')
06-May-2022 16:22:37.766 정보 [Catalina-utility-1] org.apache.catalina.core.ApplicationContext.log SessionListener: contextDestroyed()
06-May-2022 16:22:37.766 정보 [Catalina-utility-1] org.apache.catalina.core.ApplicationContext.log ContextListener: contextDestroyed()
06-May-2022 16:22:37.945 정보 [Catalina-utility-1] org.apache.catalina.core.ApplicationContext.log ContextListener: contextInitialized()
06-May-2022 16:22:37.945 정보 [Catalina-utility-1] org.apache.catalina.core.ApplicationContext.log SessionListener: contextInitialized()
06-May-2022 16:22:37.946 정보 [Catalina-utility-1] org.apache.catalina.core.ApplicationContext.log ContextListener: attributeAdded('StockTicker', 'async.Stockticker@1ba1eea8')
06-May-2022 16:23:08.041 정보 [Catalina-utility-1] org.apache.catalina.core.ApplicationContext.log SessionListener: contextDestroyed()
06-May-2022 16:23:08.041 정보 [Catalina-utility-1] org.apache.catalina.core.ApplicationContext.log ContextListener: contextDestroyed()
06-May-2022 16:23:08.151 정보 [Catalina-utility-1] org.apache.catalina.core.ApplicationContext.log ContextListener: contextInitialized()
06-May-2022 16:23:08.151 정보 [Catalina-utility-1] org.apache.catalina.core.ApplicationContext.log SessionListener: contextInitialized()
06-May-2022 16:23:08.151 정보 [Catalina-utility-1] org.apache.catalina.core.ApplicationContext.log ContextListener: attributeAdded('StockTicker', 'async.Stockticker@7bae8d38')
06-May-2022 16:24:01.075 정보 [main] org.apache.catalina.core.ApplicationContext.log SessionListener: contextDestroyed()
06-May-2022 16:24:01.075 정보 [main] org.apache.catalina.core.ApplicationContext.log ContextListener: contextDestroyed()
06-May-2022 16:24:04.281 정보 [main] org.apache.catalina.core.ApplicationContext.log ContextListener: contextInitialized()
06-May-2022 16:24:04.281 정보 [main] org.apache.catalina.core.ApplicationContext.log SessionListener: contextInitialized()
06-May-2022 16:24:04.282 정보 [main] org.apache.catalina.core.ApplicationContext.log ContextListener: attributeAdded('StockTicker', 'async.Stockticker@589b028e')
06-May-2022 16:24:20.571 정보 [main] org.apache.catalina.core.ApplicationContext.log SessionListener: contextDestroyed()
06-May-2022 16:24:20.571 정보 [main] org.apache.catalina.core.ApplicationContext.log ContextListener: contextDestroyed()
06-May-2022 16:24:28.967 정보 [main] org.apache.catalina.core.ApplicationContext.log ContextListener: contextInitialized()
06-May-2022 16:24:28.968 정보 [main] org.apache.catalina.core.ApplicationContext.log SessionListener: contextInitialized()
06-May-2022 16:24:28.971 정보 [main] org.apache.catalina.core.ApplicationContext.log ContextListener: attributeAdded('StockTicker', 'async.Stockticker@3773862a')
06-May-2022 16:24:59.107 정보 [Catalina-utility-2] org.apache.catalina.core.ApplicationContext.log SessionListener: contextDestroyed()
06-May-2022 16:24:59.107 정보 [Catalina-utility-2] org.apache.catalina.core.ApplicationContext.log ContextListener: contextDestroyed()
06-May-2022 16:24:59.253 정보 [Catalina-utility-2] org.apache.catalina.core.ApplicationContext.log ContextListener: contextInitialized()
06-May-2022 16:24:59.253 정보 [Catalina-utility-2] org.apache.catalina.core.ApplicationContext.log SessionListener: contextInitialized()
06-May-2022 16:24:59.254 정보 [Catalina-utility-2] org.apache.catalina.core.ApplicationContext.log ContextListener: attributeAdded('StockTicker', 'async.Stockticker@74fc2e5e')
06-May-2022 16:25:19.355 정보 [Catalina-utility-2] org.apache.catalina.core.ApplicationContext.log SessionListener: contextDestroyed()
06-May-2022 16:25:19.355 정보 [Catalina-utility-2] org.apache.catalina.core.ApplicationContext.log ContextListener: contextDestroyed()
06-May-2022 16:25:19.476 정보 [Catalina-utility-2] org.apache.catalina.core.ApplicationContext.log ContextListener: contextInitialized()
06-May-2022 16:25:19.477 정보 [Catalina-utility-2] org.apache.catalina.core.ApplicationContext.log SessionListener: contextInitialized()
06-May-2022 16:25:19.477 정보 [Catalina-utility-2] org.apache.catalina.core.ApplicationContext.log ContextListener: attributeAdded('StockTicker', 'async.Stockticker@68f943ba')
06-May-2022 16:25:29.553 정보 [Catalina-utility-2] org.apache.catalina.core.ApplicationContext.log SessionListener: contextDestroyed()
06-May-2022 16:25:29.553 정보 [Catalina-utility-2] org.apache.catalina.core.ApplicationContext.log ContextListener: contextDestroyed()
06-May-2022 16:25:29.667 정보 [Catalina-utility-2] org.apache.catalina.core.ApplicationContext.log ContextListener: contextInitialized()
06-May-2022 16:25:29.667 정보 [Catalina-utility-2] org.apache.catalina.core.ApplicationContext.log SessionListener: contextInitialized()
06-May-2022 16:25:29.668 정보 [Catalina-utility-2] org.apache.catalina.core.ApplicationContext.log ContextListener: attributeAdded('StockTicker', 'async.Stockticker@13e6bde6')
06-May-2022 16:25:52.505 정보 [main] org.apache.catalina.core.ApplicationContext.log ContextListener: contextInitialized()
06-May-2022 16:25:52.506 정보 [main] org.apache.catalina.core.ApplicationContext.log SessionListener: contextInitialized()
06-May-2022 16:25:52.507 정보 [main] org.apache.catalina.core.ApplicationContext.log ContextListener: attributeAdded('StockTicker', 'async.Stockticker@1af1347d')
06-May-2022 16:25:52.569 정보 [main] org.apache.catalina.core.ApplicationContext.log SessionListener: contextDestroyed()
06-May-2022 16:25:52.569 정보 [main] org.apache.catalina.core.ApplicationContext.log ContextListener: contextDestroyed()
06-May-2022 16:26:02.470 정보 [main] org.apache.catalina.core.ApplicationContext.log SessionListener: contextDestroyed()
06-May-2022 16:26:02.471 정보 [main] org.apache.catalina.core.ApplicationContext.log ContextListener: contextDestroyed()
06-May-2022 16:28:08.616 정보 [main] org.apache.catalina.core.ApplicationContext.log ContextListener: contextInitialized()
06-May-2022 16:28:08.616 정보 [main] org.apache.catalina.core.ApplicationContext.log SessionListener: contextInitialized()
06-May-2022 16:28:08.618 정보 [main] org.apache.catalina.core.ApplicationContext.log ContextListener: attributeAdded('StockTicker', 'async.Stockticker@73e132e0')
06-May-2022 16:43:38.293 정보 [main] org.apache.catalina.core.ApplicationContext.log SessionListener: contextDestroyed()
06-May-2022 16:43:38.293 정보 [main] org.apache.catalina.core.ApplicationContext.log ContextListener: contextDestroyed()
06-May-2022 16:43:42.623 정보 [main] org.apache.catalina.core.ApplicationContext.log ContextListener: contextInitialized()
06-May-2022 16:43:42.623 정보 [main] org.apache.catalina.core.ApplicationContext.log SessionListener: contextInitialized()
06-May-2022 16:43:42.624 정보 [main] org.apache.catalina.core.ApplicationContext.log ContextListener: attributeAdded('StockTicker', 'async.Stockticker@22175d4f')
06-May-2022 16:48:26.653 정보 [main] org.apache.catalina.core.ApplicationContext.log SessionListener: contextDestroyed()
06-May-2022 16:48:26.653 정보 [main] org.apache.catalina.core.ApplicationContext.log ContextListener: contextDestroyed()
06-May-2022 16:48:34.043 정보 [main] org.apache.catalina.core.ApplicationContext.log ContextListener: contextInitialized()
06-May-2022 16:48:34.043 정보 [main] org.apache.catalina.core.ApplicationContext.log SessionListener: contextInitialized()
06-May-2022 16:48:34.045 정보 [main] org.apache.catalina.core.ApplicationContext.log ContextListener: attributeAdded('StockTicker', 'async.Stockticker@6df20ade')
06-May-2022 17:18:03.529 정보 [main] org.apache.catalina.core.ApplicationContext.log ContextListener: contextInitialized()
06-May-2022 17:18:03.529 정보 [main] org.apache.catalina.core.ApplicationContext.log SessionListener: contextInitialized()
06-May-2022 17:18:03.530 정보 [main] org.apache.catalina.core.ApplicationContext.log ContextListener: attributeAdded('StockTicker', 'async.Stockticker@7a9c84a5')
06-May-2022 17:18:03.595 정보 [main] org.apache.catalina.core.ApplicationContext.log SessionListener: contextDestroyed()
06-May-2022 17:18:03.595 정보 [main] org.apache.catalina.core.ApplicationContext.log ContextListener: contextDestroyed()
06-May-2022 17:22:23.671 정보 [main] org.apache.catalina.core.ApplicationContext.log SessionListener: contextDestroyed()
06-May-2022 17:22:23.671 정보 [main] org.apache.catalina.core.ApplicationContext.log ContextListener: contextDestroyed()
06-May-2022 17:22:25.259 정보 [main] org.apache.catalina.core.ApplicationContext.log ContextListener: contextInitialized()
06-May-2022 17:22:25.259 정보 [main] org.apache.catalina.core.ApplicationContext.log SessionListener: contextInitialized()
06-May-2022 17:22:25.260 정보 [main] org.apache.catalina.core.ApplicationContext.log ContextListener: attributeAdded('StockTicker', 'async.Stockticker@6df20ade')
06-May-2022 17:24:21.597 정보 [main] org.apache.catalina.core.ApplicationContext.log SessionListener: contextDestroyed()
06-May-2022 17:24:21.597 정보 [main] org.apache.catalina.core.ApplicationContext.log ContextListener: contextDestroyed()
