08-May-2022 17:57:37.541 정보 [main] org.apache.catalina.core.ApplicationContext.log ContextListener: contextInitialized()
08-May-2022 17:57:37.541 정보 [main] org.apache.catalina.core.ApplicationContext.log SessionListener: contextInitialized()
08-May-2022 17:57:37.543 정보 [main] org.apache.catalina.core.ApplicationContext.log ContextListener: attributeAdded('StockTicker', 'async.Stockticker@cda4919')
08-May-2022 17:58:53.364 정보 [main] org.apache.catalina.core.ApplicationContext.log SessionListener: contextDestroyed()
08-May-2022 17:58:53.364 정보 [main] org.apache.catalina.core.ApplicationContext.log ContextListener: contextDestroyed()
08-May-2022 17:58:59.542 정보 [main] org.apache.catalina.core.ApplicationContext.log ContextListener: contextInitialized()
08-May-2022 17:58:59.542 정보 [main] org.apache.catalina.core.ApplicationContext.log SessionListener: contextInitialized()
08-May-2022 17:58:59.543 정보 [main] org.apache.catalina.core.ApplicationContext.log ContextListener: attributeAdded('StockTicker', 'async.Stockticker@6df20ade')
08-May-2022 18:01:19.501 정보 [main] org.apache.catalina.core.ApplicationContext.log ContextListener: contextInitialized()
08-May-2022 18:01:19.501 정보 [main] org.apache.catalina.core.ApplicationContext.log SessionListener: contextInitialized()
08-May-2022 18:01:19.503 정보 [main] org.apache.catalina.core.ApplicationContext.log ContextListener: attributeAdded('StockTicker', 'async.Stockticker@5c09d180')
08-May-2022 18:01:19.565 정보 [main] org.apache.catalina.core.ApplicationContext.log SessionListener: contextDestroyed()
08-May-2022 18:01:19.565 정보 [main] org.apache.catalina.core.ApplicationContext.log ContextListener: contextDestroyed()
08-May-2022 18:01:23.493 정보 [main] org.apache.catalina.core.ApplicationContext.log SessionListener: contextDestroyed()
08-May-2022 18:01:23.493 정보 [main] org.apache.catalina.core.ApplicationContext.log ContextListener: contextDestroyed()
08-May-2022 18:01:26.787 정보 [main] org.apache.catalina.core.ApplicationContext.log ContextListener: contextInitialized()
08-May-2022 18:01:26.787 정보 [main] org.apache.catalina.core.ApplicationContext.log SessionListener: contextInitialized()
08-May-2022 18:01:26.788 정보 [main] org.apache.catalina.core.ApplicationContext.log ContextListener: attributeAdded('StockTicker', 'async.Stockticker@cda4919')
08-May-2022 18:03:01.611 정보 [main] org.apache.catalina.core.ApplicationContext.log SessionListener: contextDestroyed()
08-May-2022 18:03:01.611 정보 [main] org.apache.catalina.core.ApplicationContext.log ContextListener: contextDestroyed()
08-May-2022 18:03:05.973 정보 [main] org.apache.catalina.core.ApplicationContext.log ContextListener: contextInitialized()
08-May-2022 18:03:05.973 정보 [main] org.apache.catalina.core.ApplicationContext.log SessionListener: contextInitialized()
08-May-2022 18:03:05.974 정보 [main] org.apache.catalina.core.ApplicationContext.log ContextListener: attributeAdded('StockTicker', 'async.Stockticker@cda4919')
08-May-2022 18:03:18.220 정보 [main] org.apache.catalina.core.ApplicationContext.log SessionListener: contextDestroyed()
08-May-2022 18:03:18.220 정보 [main] org.apache.catalina.core.ApplicationContext.log ContextListener: contextDestroyed()
08-May-2022 18:03:21.650 정보 [main] org.apache.catalina.core.ApplicationContext.log ContextListener: contextInitialized()
08-May-2022 18:03:21.650 정보 [main] org.apache.catalina.core.ApplicationContext.log SessionListener: contextInitialized()
08-May-2022 18:03:21.652 정보 [main] org.apache.catalina.core.ApplicationContext.log ContextListener: attributeAdded('StockTicker', 'async.Stockticker@cda4919')
08-May-2022 18:04:06.958 정보 [main] org.apache.catalina.core.ApplicationContext.log SessionListener: contextDestroyed()
08-May-2022 18:04:06.958 정보 [main] org.apache.catalina.core.ApplicationContext.log ContextListener: contextDestroyed()
08-May-2022 18:04:09.731 정보 [main] org.apache.catalina.core.ApplicationContext.log ContextListener: contextInitialized()
08-May-2022 18:04:09.731 정보 [main] org.apache.catalina.core.ApplicationContext.log SessionListener: contextInitialized()
08-May-2022 18:04:09.732 정보 [main] org.apache.catalina.core.ApplicationContext.log ContextListener: attributeAdded('StockTicker', 'async.Stockticker@cda4919')
08-May-2022 18:07:21.144 정보 [main] org.apache.catalina.core.ApplicationContext.log ContextListener: contextInitialized()
08-May-2022 18:07:21.144 정보 [main] org.apache.catalina.core.ApplicationContext.log SessionListener: contextInitialized()
08-May-2022 18:07:21.145 정보 [main] org.apache.catalina.core.ApplicationContext.log ContextListener: attributeAdded('StockTicker', 'async.Stockticker@7a9c84a5')
08-May-2022 18:07:21.215 정보 [main] org.apache.catalina.core.ApplicationContext.log SessionListener: contextDestroyed()
08-May-2022 18:07:21.215 정보 [main] org.apache.catalina.core.ApplicationContext.log ContextListener: contextDestroyed()
08-May-2022 20:40:32.032 정보 [main] org.apache.catalina.core.ApplicationContext.log SessionListener: contextDestroyed()
08-May-2022 20:40:32.032 정보 [main] org.apache.catalina.core.ApplicationContext.log ContextListener: contextDestroyed()
